initializing data...
simulation of 3 real time periodic tasks.
COmputing utilization factor...

ID 0 , period: 300000 , cycles: 100
Testing the task 50 times ...
[0] 0.0125       [1] 0.0097       [2] 0.0094       [3] 0.0093       [4] 0.0092       [5] 0.0092       [6] 0.0093       [7] 0.0093       [8] 0.0093       [9] 0.0092       [10] 0.0093       [11] 0.0093       [12] 0.0092       [13] 0.0093       [14] 0.0093       [15] 0.0092       [16] 0.0093       [17] 0.0092       [18] 0.0092       [19] 0.0093       [20] 0.0092       [21] 0.0093       [22] 0.0093       [23] 0.0093       [24] 0.0093       [25] 0.0093       [26] 0.0092       [27] 0.0093       [28] 0.0092       [29] 0.0093       [30] 0.0093       [31] 0.0092       [32] 0.0093       [33] 0.0092       [34] 0.0092       [35] 0.0092       [36] 0.0092       [37] 0.0093       [38] 0.0092       [39] 0.0092       [40] 0.0093       [41] 0.0092       [42] 0.0093       [43] 0.0092       [44] 0.0092       [45] 0.0092       [46] 0.0093       [47] 0.0092       [48] 0.0092       [49] 0.0092       
Average Utilization Factor for task ID 0: 0.0093 , computation time: 2798ns

ID 1 , period: 400000 , cycles: 100
Testing the task 50 times ...
[0] 0.0071       [1] 0.0070       [2] 0.0070       [3] 0.0070       [4] 0.0070       [5] 0.0069       [6] 0.0069       [7] 0.0069       [8] 0.0069       [9] 0.0069       [10] 0.0069       [11] 0.0069       [12] 0.0069       [13] 0.0070       [14] 0.0069       [15] 0.0070       [16] 0.0069       [17] 0.0069       [18] 0.0069       [19] 0.0069       [20] 0.0069       [21] 0.0069       [22] 0.0069       [23] 0.0069       [24] 0.0069       [25] 0.0069       [26] 0.0070       [27] 0.0070       [28] 0.0069       [29] 0.0069       [30] 0.0069       [31] 0.0069       [32] 0.0069       [33] 0.0069       [34] 0.0069       [35] 0.0069       [36] 0.0069       [37] 0.0069       [38] 0.0069       [39] 0.0069       [40] 0.0069       [41] 0.0070       [42] 0.0069       [43] 0.0069       [44] 0.0069       [45] 0.0069       [46] 0.0069       [47] 0.0069       [48] 0.0070       [49] 0.0069       
Average Utilization Factor for task ID 1: 0.0069 , computation time: 2775ns

ID 2 , period: 580000 , cycles: 400
Testing the task 50 times ...
[0] 0.0182       [1] 0.0182       [2] 0.0377       [3] 0.0184       [4] 0.0183       [5] 0.0182       [6] 0.0182       [7] 0.0182       [8] 0.0182       [9] 0.0182       [10] 0.0182       [11] 0.0182       [12] 0.0182       [13] 0.0182       [14] 0.0182       [15] 0.0182       [16] 0.0182       [17] 0.0182       [18] 0.0182       [19] 0.0182       [20] 0.0182       [21] 0.0182       [22] 0.0182       [23] 0.0182       [24] 0.0182       [25] 0.0182       [26] 0.0182       [27] 0.0182       [28] 0.0182       [29] 0.0182       [30] 0.0182       [31] 0.0181       [32] 0.0182       [33] 0.0182       [34] 0.0182       [35] 0.0182       [36] 0.0182       [37] 0.0182       [38] 0.0182       [39] 0.0182       [40] 0.0182       [41] 0.0182       [42] 0.0182       [43] 0.0182       [44] 0.0182       [45] 0.0182       [46] 0.0182       [47] 0.0182       [48] 0.0182       [49] 0.0181       
Average Utilization Factor for task ID 2: 0.0186 , computation time: 10781ns

Utilization factor: 0.034858
OK! waiting 5 seconds ...
Preparing threads for scheduling ...
scheduling...



computing misses...
===== TASK J1 =====
	T=300000		C=2798
J1 [1 on 100] - arrival=0 - ending=35594 - duration=35594 - miss? No
J1 [2 on 100] - arrival=3587892 - ending=3608410 - duration=20518 - miss? No
J1 [3 on 100] - arrival=3696379 - ending=3724642 - duration=28263 - miss? No
J1 [4 on 100] - arrival=3783531 - ending=3793184 - duration=9653 - miss? No
J1 [5 on 100] - arrival=3834413 - ending=3844103 - duration=9690 - miss? No
J1 [6 on 100] - arrival=3883685 - ending=3893263 - duration=9578 - miss? No
J1 [7 on 100] - arrival=3934183 - ending=3943791 - duration=9608 - miss? No
J1 [8 on 100] - arrival=3983316 - ending=3992878 - duration=9562 - miss? No
J1 [9 on 100] - arrival=4033739 - ending=4043376 - duration=9637 - miss? No
J1 [10 on 100] - arrival=4083100 - ending=4092925 - duration=9825 - miss? No
J1 [11 on 100] - arrival=4133487 - ending=4143249 - duration=9762 - miss? No
J1 [12 on 100] - arrival=4182579 - ending=4192225 - duration=9646 - miss? No
J1 [13 on 100] - arrival=4232889 - ending=4242498 - duration=9609 - miss? No
J1 [14 on 100] - arrival=4281974 - ending=4291619 - duration=9645 - miss? No
J1 [15 on 100] - arrival=4332420 - ending=4342111 - duration=9691 - miss? No
J1 [16 on 100] - arrival=4527328 - ending=4537204 - duration=9876 - miss? No
J1 [17 on 100] - arrival=4810805 - ending=4820432 - duration=9627 - miss? No
J1 [18 on 100] - arrival=5144030 - ending=5153612 - duration=9582 - miss? No
J1 [19 on 100] - arrival=5482396 - ending=5494622 - duration=12226 - miss? No
J1 [20 on 100] - arrival=5727240 - ending=5736874 - duration=9634 - miss? No
J1 [21 on 100] - arrival=7296425 - ending=7307796 - duration=11371 - miss? No
J1 [22 on 100] - arrival=7353259 - ending=7363185 - duration=9926 - miss? No
J1 [23 on 100] - arrival=7425388 - ending=7435173 - duration=9785 - miss? No
J1 [24 on 100] - arrival=7521560 - ending=7555688 - duration=34128 - miss? No
J1 [25 on 100] - arrival=7649110 - ending=7659028 - duration=9918 - miss? No
J1 [26 on 100] - arrival=7736384 - ending=7766601 - duration=30217 - miss? No
J1 [27 on 100] - arrival=7926038 - ending=7960175 - duration=34137 - miss? No
J1 [28 on 100] - arrival=8149405 - ending=8199748 - duration=50343 - miss? No
J1 [29 on 100] - arrival=8498738 - ending=8508633 - duration=9895 - miss? No
J1 [30 on 100] - arrival=9656939 - ending=9667948 - duration=11009 - miss? No
J1 [31 on 100] - arrival=9712135 - ending=9722045 - duration=9910 - miss? No
J1 [32 on 100] - arrival=9762996 - ending=9772732 - duration=9736 - miss? No
J1 [33 on 100] - arrival=9813547 - ending=9823178 - duration=9631 - miss? No
J1 [34 on 100] - arrival=9931111 - ending=9943594 - duration=12483 - miss? No
J1 [35 on 100] - arrival=10232186 - ending=10242536 - duration=10350 - miss? No
J1 [36 on 100] - arrival=10679395 - ending=10689703 - duration=10308 - miss? No
J1 [37 on 100] - arrival=11726795 - ending=11738101 - duration=11306 - miss? No
J1 [38 on 100] - arrival=11781896 - ending=11791679 - duration=9783 - miss? No
J1 [39 on 100] - arrival=11832693 - ending=11842279 - duration=9586 - miss? No
J1 [40 on 100] - arrival=11882580 - ending=11892181 - duration=9601 - miss? No
J1 [41 on 100] - arrival=12037021 - ending=12046722 - duration=9701 - miss? No
J1 [42 on 100] - arrival=12366234 - ending=12375901 - duration=9667 - miss? No
J1 [43 on 100] - arrival=14796862 - ending=14808446 - duration=11584 - miss? No
J1 [44 on 100] - arrival=14854053 - ending=14863965 - duration=9912 - miss? No
J1 [45 on 100] - arrival=14905639 - ending=14915335 - duration=9696 - miss? No
J1 [46 on 100] - arrival=14956768 - ending=14966456 - duration=9688 - miss? No
J1 [47 on 100] - arrival=15007773 - ending=15017393 - duration=9620 - miss? No
J1 [48 on 100] - arrival=15058846 - ending=15068546 - duration=9700 - miss? No
J1 [49 on 100] - arrival=15109776 - ending=15119471 - duration=9695 - miss? No
J1 [50 on 100] - arrival=15160662 - ending=15170618 - duration=9956 - miss? No
J1 [51 on 100] - arrival=15211909 - ending=15221610 - duration=9701 - miss? No
J1 [52 on 100] - arrival=15330689 - ending=15346971 - duration=16282 - miss? No
J1 [53 on 100] - arrival=15643841 - ending=15653364 - duration=9523 - miss? No
J1 [54 on 100] - arrival=15914847 - ending=15924305 - duration=9458 - miss? No
J1 [55 on 100] - arrival=16231236 - ending=16240909 - duration=9673 - miss? No
J1 [56 on 100] - arrival=18829334 - ending=18855190 - duration=25856 - miss? No
J1 [57 on 100] - arrival=18960184 - ending=18971725 - duration=11541 - miss? No
J1 [58 on 100] - arrival=19022269 - ending=19032363 - duration=10094 - miss? No
J1 [59 on 100] - arrival=19074891 - ending=19084695 - duration=9804 - miss? No
J1 [60 on 100] - arrival=19126428 - ending=19136216 - duration=9788 - miss? No
J1 [61 on 100] - arrival=19218769 - ending=19243253 - duration=24484 - miss? No
J1 [62 on 100] - arrival=19340538 - ending=19350315 - duration=9777 - miss? No
J1 [63 on 100] - arrival=19391976 - ending=19401789 - duration=9813 - miss? No
J1 [64 on 100] - arrival=19443164 - ending=19452977 - duration=9813 - miss? No
J1 [65 on 100] - arrival=19494508 - ending=19504306 - duration=9798 - miss? No
J1 [66 on 100] - arrival=19565515 - ending=19631032 - duration=65517 - miss? No
J1 [67 on 100] - arrival=19817645 - ending=19827546 - duration=9901 - miss? No
J1 [68 on 100] - arrival=20112885 - ending=20122552 - duration=9667 - miss? No
J1 [69 on 100] - arrival=20432472 - ending=20442218 - duration=9746 - miss? No
J1 [70 on 100] - arrival=20731325 - ending=20741014 - duration=9689 - miss? No
J1 [71 on 100] - arrival=21028600 - ending=21038347 - duration=9747 - miss? No
J1 [72 on 100] - arrival=22842707 - ending=22871555 - duration=28848 - miss? No
J1 [73 on 100] - arrival=22915131 - ending=22931561 - duration=16430 - miss? No
J1 [74 on 100] - arrival=22971078 - ending=22980787 - duration=9709 - miss? No
J1 [75 on 100] - arrival=23019715 - ending=23029364 - duration=9649 - miss? No
J1 [76 on 100] - arrival=23068197 - ending=23077930 - duration=9733 - miss? No
J1 [77 on 100] - arrival=23119434 - ending=23129187 - duration=9753 - miss? No
J1 [78 on 100] - arrival=23170748 - ending=23180835 - duration=10087 - miss? No
J1 [79 on 100] - arrival=23430953 - ending=23440815 - duration=9862 - miss? No
J1 [80 on 100] - arrival=23755466 - ending=23765282 - duration=9816 - miss? No
J1 [81 on 100] - arrival=26771546 - ending=26784070 - duration=12524 - miss? No
J1 [82 on 100] - arrival=26830129 - ending=26840231 - duration=10102 - miss? No
J1 [83 on 100] - arrival=26882557 - ending=26892335 - duration=9778 - miss? No
J1 [84 on 100] - arrival=26934009 - ending=26943805 - duration=9796 - miss? No
J1 [85 on 100] - arrival=26985271 - ending=26995033 - duration=9762 - miss? No
J1 [86 on 100] - arrival=27052769 - ending=27062350 - duration=9581 - miss? No
J1 [87 on 100] - arrival=27102906 - ending=27112500 - duration=9594 - miss? No
J1 [88 on 100] - arrival=27153206 - ending=27162838 - duration=9632 - miss? No
J1 [89 on 100] - arrival=27203372 - ending=27212965 - duration=9593 - miss? No
J1 [90 on 100] - arrival=27253547 - ending=27263064 - duration=9517 - miss? No
J1 [91 on 100] - arrival=27303807 - ending=27313391 - duration=9584 - miss? No
J1 [92 on 100] - arrival=27353811 - ending=27363378 - duration=9567 - miss? No
J1 [93 on 100] - arrival=27658211 - ending=27684748 - duration=26537 - miss? No
J1 [94 on 100] - arrival=27930633 - ending=27940399 - duration=9766 - miss? No
J1 [95 on 100] - arrival=28250339 - ending=28260084 - duration=9745 - miss? No
J1 [96 on 100] - arrival=28541603 - ending=28551534 - duration=9931 - miss? No
J1 [97 on 100] - arrival=29902351 - ending=29913855 - duration=11504 - miss? No
J1 [98 on 100] - arrival=29957939 - ending=29967676 - duration=9737 - miss? No
J1 [99 on 100] - arrival=30008853 - ending=30018547 - duration=9694 - miss? No
J1 [100 on 100] - arrival=30059277 - ending=30068912 - duration=9635 - miss? No

Total Misses for the task [1]: [0] on [100] cycles 

===== TASK J2 =====
	T=400000		C=2775
J2 [1 on 100] - arrival=54951 - ending=85806 - duration=30855 - miss? No
J2 [2 on 100] - arrival=4356555 - ending=4366129 - duration=9574 - miss? No
J2 [3 on 100] - arrival=4409074 - ending=4418863 - duration=9789 - miss? No
J2 [4 on 100] - arrival=4462035 - ending=4483478 - duration=21443 - miss? No
J2 [5 on 100] - arrival=4549953 - ending=4559341 - duration=9388 - miss? No
J2 [6 on 100] - arrival=4602673 - ending=4612323 - duration=9650 - miss? No
J2 [7 on 100] - arrival=4655218 - ending=4664855 - duration=9637 - miss? No
J2 [8 on 100] - arrival=4707385 - ending=4716991 - duration=9606 - miss? No
J2 [9 on 100] - arrival=4759442 - ending=4769071 - duration=9629 - miss? No
J2 [10 on 100] - arrival=4833035 - ending=4842464 - duration=9429 - miss? No
J2 [11 on 100] - arrival=4885883 - ending=4895576 - duration=9693 - miss? No
J2 [12 on 100] - arrival=4938475 - ending=4948134 - duration=9659 - miss? No
J2 [13 on 100] - arrival=4990661 - ending=5000257 - duration=9596 - miss? No
J2 [14 on 100] - arrival=5371962 - ending=5386201 - duration=14239 - miss? No
J2 [15 on 100] - arrival=5749748 - ending=5759180 - duration=9432 - miss? No
J2 [16 on 100] - arrival=7780734 - ending=7805054 - duration=24320 - miss? No
J2 [17 on 100] - arrival=7971992 - ending=7982283 - duration=10291 - miss? No
J2 [18 on 100] - arrival=8059632 - ending=8069798 - duration=10166 - miss? No
J2 [19 on 100] - arrival=8212867 - ending=8222606 - duration=9739 - miss? No
J2 [20 on 100] - arrival=8278833 - ending=8288665 - duration=9832 - miss? No
J2 [21 on 100] - arrival=8352521 - ending=8362820 - duration=10299 - miss? No
J2 [22 on 100] - arrival=8522087 - ending=8531622 - duration=9535 - miss? No
J2 [23 on 100] - arrival=9836278 - ending=9845796 - duration=9518 - miss? No
J2 [24 on 100] - arrival=9886872 - ending=9951293 - duration=64421 - miss? No
J2 [25 on 100] - arrival=9992965 - ending=10002851 - duration=9886 - miss? No
J2 [26 on 100] - arrival=10085659 - ending=10095486 - duration=9827 - miss? No
J2 [27 on 100] - arrival=10703823 - ending=10713239 - duration=9416 - miss? No
J2 [28 on 100] - arrival=11905181 - ending=11914637 - duration=9456 - miss? No
J2 [29 on 100] - arrival=11955806 - ending=11965446 - duration=9640 - miss? No
J2 [30 on 100] - arrival=12059811 - ending=12069274 - duration=9463 - miss? No
J2 [31 on 100] - arrival=12110332 - ending=12120042 - duration=9710 - miss? No
J2 [32 on 100] - arrival=15235026 - ending=15244673 - duration=9647 - miss? No
J2 [33 on 100] - arrival=15286949 - ending=15369321 - duration=82372 - miss? No
J2 [34 on 100] - arrival=15412127 - ending=15422233 - duration=10106 - miss? No
J2 [35 on 100] - arrival=15463858 - ending=15473790 - duration=9932 - miss? No
J2 [36 on 100] - arrival=15515182 - ending=15535040 - duration=19858 - miss? No
J2 [37 on 100] - arrival=15577401 - ending=15587294 - duration=9893 - miss? No
J2 [38 on 100] - arrival=15666029 - ending=15675395 - duration=9366 - miss? No
J2 [39 on 100] - arrival=15716682 - ending=15726544 - duration=9862 - miss? No
J2 [40 on 100] - arrival=15767180 - ending=15776741 - duration=9561 - miss? No
J2 [41 on 100] - arrival=16090068 - ending=16099719 - duration=9651 - miss? No
J2 [42 on 100] - arrival=19659378 - ending=19669032 - duration=9654 - miss? No
J2 [43 on 100] - arrival=19711838 - ending=19721850 - duration=10012 - miss? No
J2 [44 on 100] - arrival=19763565 - ending=19773494 - duration=9929 - miss? No
J2 [45 on 100] - arrival=19840718 - ending=19850293 - duration=9575 - miss? No
J2 [46 on 100] - arrival=19909142 - ending=19918926 - duration=9784 - miss? No
J2 [47 on 100] - arrival=19959685 - ending=19969389 - duration=9704 - miss? No
J2 [48 on 100] - arrival=20010050 - ending=20019719 - duration=9669 - miss? No
J2 [49 on 100] - arrival=20060428 - ending=20070091 - duration=9663 - miss? No
J2 [50 on 100] - arrival=20135177 - ending=20144585 - duration=9408 - miss? No
J2 [51 on 100] - arrival=20186102 - ending=20195821 - duration=9719 - miss? No
J2 [52 on 100] - arrival=20512908 - ending=20522719 - duration=9811 - miss? No
J2 [53 on 100] - arrival=20987111 - ending=21060821 - duration=73710 - miss? No
J2 [54 on 100] - arrival=23194146 - ending=23203905 - duration=9759 - miss? No
J2 [55 on 100] - arrival=23246108 - ending=23255988 - duration=9880 - miss? No
J2 [56 on 100] - arrival=23297140 - ending=23307363 - duration=10223 - miss? No
J2 [57 on 100] - arrival=23348462 - ending=23358308 - duration=9846 - miss? No
J2 [58 on 100] - arrival=23453787 - ending=23463570 - duration=9783 - miss? No
J2 [59 on 100] - arrival=23505289 - ending=23515142 - duration=9853 - miss? No
J2 [60 on 100] - arrival=23674451 - ending=23684440 - duration=9989 - miss? No
J2 [61 on 100] - arrival=27376749 - ending=27386215 - duration=9466 - miss? No
J2 [62 on 100] - arrival=27427714 - ending=27437416 - duration=9702 - miss? No
J2 [63 on 100] - arrival=27478355 - ending=27488025 - duration=9670 - miss? No
J2 [64 on 100] - arrival=27528713 - ending=27538433 - duration=9720 - miss? No
J2 [65 on 100] - arrival=27579358 - ending=27589054 - duration=9696 - miss? No
J2 [66 on 100] - arrival=27698120 - ending=27707706 - duration=9586 - miss? No
J2 [67 on 100] - arrival=27749037 - ending=27758764 - duration=9727 - miss? No
J2 [68 on 100] - arrival=27799616 - ending=27809369 - duration=9753 - miss? No
J2 [69 on 100] - arrival=27850048 - ending=27859733 - duration=9685 - miss? No
J2 [70 on 100] - arrival=27953427 - ending=27962816 - duration=9389 - miss? No
J2 [71 on 100] - arrival=28097112 - ending=28111200 - duration=14088 - miss? No
J2 [72 on 100] - arrival=28467911 - ending=28477774 - duration=9863 - miss? No
J2 [73 on 100] - arrival=30417443 - ending=30428143 - duration=10700 - miss? No
J2 [74 on 100] - arrival=30487679 - ending=30498100 - duration=10421 - miss? No
J2 [75 on 100] - arrival=30539533 - ending=30549568 - duration=10035 - miss? No
J2 [76 on 100] - arrival=30588865 - ending=30598705 - duration=9840 - miss? No
J2 [77 on 100] - arrival=30637979 - ending=30647821 - duration=9842 - miss? No
J2 [78 on 100] - arrival=30878248 - ending=30888416 - duration=10168 - miss? No
J2 [79 on 100] - arrival=33681611 - ending=33693042 - duration=11431 - miss? No
J2 [80 on 100] - arrival=33734475 - ending=33744215 - duration=9740 - miss? No
J2 [81 on 100] - arrival=33783181 - ending=33792721 - duration=9540 - miss? No
J2 [82 on 100] - arrival=33830613 - ending=33840055 - duration=9442 - miss? No
J2 [83 on 100] - arrival=33877957 - ending=33887484 - duration=9527 - miss? No
J2 [84 on 100] - arrival=33925462 - ending=33934957 - duration=9495 - miss? No
J2 [85 on 100] - arrival=33973307 - ending=33982823 - duration=9516 - miss? No
J2 [86 on 100] - arrival=34090218 - ending=34100029 - duration=9811 - miss? No
J2 [87 on 100] - arrival=34503823 - ending=34513833 - duration=10010 - miss? No
J2 [88 on 100] - arrival=36937878 - ending=36949374 - duration=11496 - miss? No
J2 [89 on 100] - arrival=36993349 - ending=37003230 - duration=9881 - miss? No
J2 [90 on 100] - arrival=37043964 - ending=37053510 - duration=9546 - miss? No
J2 [91 on 100] - arrival=37093989 - ending=37103640 - duration=9651 - miss? No
J2 [92 on 100] - arrival=37143958 - ending=37153539 - duration=9581 - miss? No
J2 [93 on 100] - arrival=37193649 - ending=37203228 - duration=9579 - miss? No
J2 [94 on 100] - arrival=37286716 - ending=37296425 - duration=9709 - miss? No
J2 [95 on 100] - arrival=40068362 - ending=40100496 - duration=32134 - miss? No
J2 [96 on 100] - arrival=40184131 - ending=40216768 - duration=32637 - miss? No
J2 [97 on 100] - arrival=40275690 - ending=40285425 - duration=9735 - miss? No
J2 [98 on 100] - arrival=40363284 - ending=40372992 - duration=9708 - miss? No
J2 [99 on 100] - arrival=40450208 - ending=40459889 - duration=9681 - miss? No
J2 [100 on 100] - arrival=40537299 - ending=40547016 - duration=9717 - miss? No

Total Misses for the task [2]: [0] on [100] cycles 

===== TASK J3 =====
	T=580000		C=10781
J3 [1 on 100] - arrival=87732 - ending=130436 - duration=42704 - miss? No
J3 [2 on 100] - arrival=5002567 - ending=5027881 - duration=25314 - miss? No
J3 [3 on 100] - arrival=5071634 - ending=5098982 - duration=27348 - miss? No
J3 [4 on 100] - arrival=5154890 - ending=5180187 - duration=25297 - miss? No
J3 [5 on 100] - arrival=5263468 - ending=5517041 - duration=253573 - miss? No
J3 [6 on 100] - arrival=5559361 - ending=5586692 - duration=27331 - miss? No
J3 [7 on 100] - arrival=5627443 - ending=5654708 - duration=27265 - miss? No
J3 [8 on 100] - arrival=5760177 - ending=5785357 - duration=25180 - miss? No
J3 [9 on 100] - arrival=5826777 - ending=5854071 - duration=27294 - miss? No
J3 [10 on 100] - arrival=5894500 - ending=5921680 - duration=27180 - miss? No
J3 [11 on 100] - arrival=5962296 - ending=5989534 - duration=27238 - miss? No
J3 [12 on 100] - arrival=8364941 - ending=8391927 - duration=26986 - miss? No
J3 [13 on 100] - arrival=8532641 - ending=8558411 - duration=25770 - miss? No
J3 [14 on 100] - arrival=8600817 - ending=8628623 - duration=27806 - miss? No
J3 [15 on 100] - arrival=8670027 - ending=8697706 - duration=27679 - miss? No
J3 [16 on 100] - arrival=10015584 - ending=10042564 - duration=26980 - miss? No
J3 [17 on 100] - arrival=10096815 - ending=10121989 - duration=25174 - miss? No
J3 [18 on 100] - arrival=10243897 - ending=10270375 - duration=26478 - miss? No
J3 [19 on 100] - arrival=10714494 - ending=10739718 - duration=25224 - miss? No
J3 [20 on 100] - arrival=12121913 - ending=12147168 - duration=25255 - miss? No
J3 [21 on 100] - arrival=12228724 - ending=12291837 - duration=63113 - miss? No
J3 [22 on 100] - arrival=12377259 - ending=12402550 - duration=25291 - miss? No
J3 [23 on 100] - arrival=15778601 - ending=15803790 - duration=25189 - miss? No
J3 [24 on 100] - arrival=15845035 - ending=15872247 - duration=27212 - miss? No
J3 [25 on 100] - arrival=15925508 - ending=15950778 - duration=25270 - miss? No
J3 [26 on 100] - arrival=15991981 - ending=16019223 - duration=27242 - miss? No
J3 [27 on 100] - arrival=16100970 - ending=16126161 - duration=25191 - miss? No
J3 [28 on 100] - arrival=16167365 - ending=16194632 - duration=27267 - miss? No
J3 [29 on 100] - arrival=20197819 - ending=20223114 - duration=25295 - miss? No
J3 [30 on 100] - arrival=20264624 - ending=20291969 - duration=27345 - miss? No
J3 [31 on 100] - arrival=20332931 - ending=20360230 - duration=27299 - miss? No
J3 [32 on 100] - arrival=20443545 - ending=20468799 - duration=25254 - miss? No
J3 [33 on 100] - arrival=20524026 - ending=20569332 - duration=45306 - miss? No
J3 [34 on 100] - arrival=20631707 - ending=20659070 - duration=27363 - miss? No
J3 [35 on 100] - arrival=20742316 - ending=20767587 - duration=25271 - miss? No
J3 [36 on 100] - arrival=20809528 - ending=20836778 - duration=27250 - miss? No
J3 [37 on 100] - arrival=21073518 - ending=21100487 - duration=26969 - miss? No
J3 [38 on 100] - arrival=23527985 - ending=23555482 - duration=27497 - miss? No
J3 [39 on 100] - arrival=23602989 - ending=23630996 - duration=28007 - miss? No
J3 [40 on 100] - arrival=23685775 - ending=23711575 - duration=25800 - miss? No
J3 [41 on 100] - arrival=23778089 - ending=23819257 - duration=41168 - miss? No
J3 [42 on 100] - arrival=23905890 - ending=23948194 - duration=42304 - miss? No
J3 [43 on 100] - arrival=27975775 - ending=28002826 - duration=27051 - miss? No
J3 [44 on 100] - arrival=28044569 - ending=28136632 - duration=92063 - miss? No
J3 [45 on 100] - arrival=28179228 - ending=28206775 - duration=27547 - miss? No
J3 [46 on 100] - arrival=28261373 - ending=28286669 - duration=25296 - miss? No
J3 [47 on 100] - arrival=28328770 - ending=28356275 - duration=27505 - miss? No
J3 [48 on 100] - arrival=28397564 - ending=28424887 - duration=27323 - miss? No
J3 [49 on 100] - arrival=28479033 - ending=28504236 - duration=25203 - miss? No
J3 [50 on 100] - arrival=28564546 - ending=28591722 - duration=27176 - miss? No
J3 [51 on 100] - arrival=30661609 - ending=30689246 - duration=27637 - miss? No
J3 [52 on 100] - arrival=30732099 - ending=30759980 - duration=27881 - miss? No
J3 [53 on 100] - arrival=30801988 - ending=30829783 - duration=27795 - miss? No
J3 [54 on 100] - arrival=30901688 - ending=30929303 - duration=27615 - miss? No
J3 [55 on 100] - arrival=33993451 - ending=34020342 - duration=26891 - miss? No
J3 [56 on 100] - arrival=34101352 - ending=34126572 - duration=25220 - miss? No
J3 [57 on 100] - arrival=34202307 - ending=34230505 - duration=28198 - miss? No
J3 [58 on 100] - arrival=34272511 - ending=34329928 - duration=57417 - miss? No
J3 [59 on 100] - arrival=34370571 - ending=34398549 - duration=27978 - miss? No
J3 [60 on 100] - arrival=34438180 - ending=34465860 - duration=27680 - miss? No
J3 [61 on 100] - arrival=37216157 - ending=37243277 - duration=27120 - miss? No
J3 [62 on 100] - arrival=37309195 - ending=37336130 - duration=26935 - miss? No
J3 [63 on 100] - arrival=37377096 - ending=37404364 - duration=27268 - miss? No
J3 [64 on 100] - arrival=37444842 - ending=37472028 - duration=27186 - miss? No
J3 [65 on 100] - arrival=37512348 - ending=37539538 - duration=27190 - miss? No
J3 [66 on 100] - arrival=40659810 - ending=40704244 - duration=44434 - miss? No
J3 [67 on 100] - arrival=40747789 - ending=40795484 - duration=47695 - miss? No
J3 [68 on 100] - arrival=40852977 - ending=40900698 - duration=47721 - miss? No
J3 [69 on 100] - arrival=40959271 - ending=40986702 - duration=27431 - miss? No
J3 [70 on 100] - arrival=41028015 - ending=41055230 - duration=27215 - miss? No
J3 [71 on 100] - arrival=41095891 - ending=41123153 - duration=27262 - miss? No
J3 [72 on 100] - arrival=43434544 - ending=43465412 - duration=30868 - miss? No
J3 [73 on 100] - arrival=43510010 - ending=43553803 - duration=43793 - miss? No
J3 [74 on 100] - arrival=43615255 - ending=43664639 - duration=49384 - miss? No
J3 [75 on 100] - arrival=43778348 - ending=43808822 - duration=30474 - miss? No
J3 [76 on 100] - arrival=43902758 - ending=43931172 - duration=28414 - miss? No
J3 [77 on 100] - arrival=47447155 - ending=47497463 - duration=50308 - miss? No
J3 [78 on 100] - arrival=47561042 - ending=47589657 - duration=28615 - miss? No
J3 [79 on 100] - arrival=47632650 - ending=47660973 - duration=28323 - miss? No
J3 [80 on 100] - arrival=47703695 - ending=47732065 - duration=28370 - miss? No
J3 [81 on 100] - arrival=47774965 - ending=47803375 - duration=28410 - miss? No
J3 [82 on 100] - arrival=47845892 - ending=47874287 - duration=28395 - miss? No
J3 [83 on 100] - arrival=47916518 - ending=47944868 - duration=28350 - miss? No
J3 [84 on 100] - arrival=51259918 - ending=51290710 - duration=30792 - miss? No
J3 [85 on 100] - arrival=51351951 - ending=51380562 - duration=28611 - miss? No
J3 [86 on 100] - arrival=51424295 - ending=51452323 - duration=28028 - miss? No
J3 [87 on 100] - arrival=51495357 - ending=51523481 - duration=28124 - miss? No
J3 [88 on 100] - arrival=51566497 - ending=51611149 - duration=44652 - miss? No
J3 [89 on 100] - arrival=51653085 - ending=51680538 - duration=27453 - miss? No
J3 [90 on 100] - arrival=51752146 - ending=51779822 - duration=27676 - miss? No
J3 [91 on 100] - arrival=55701890 - ending=55731572 - duration=29682 - miss? No
J3 [92 on 100] - arrival=55777341 - ending=55805413 - duration=28072 - miss? No
J3 [93 on 100] - arrival=55847288 - ending=55875068 - duration=27780 - miss? No
J3 [94 on 100] - arrival=55916240 - ending=55957874 - duration=41634 - miss? No
J3 [95 on 100] - arrival=55998337 - ending=56025578 - duration=27241 - miss? No
J3 [96 on 100] - arrival=56066366 - ending=56093632 - duration=27266 - miss? No
J3 [97 on 100] - arrival=56134236 - ending=56161371 - duration=27135 - miss? No
J3 [98 on 100] - arrival=59688118 - ending=59717812 - duration=29694 - miss? No
J3 [99 on 100] - arrival=59762909 - ending=59790921 - duration=28012 - miss? No
J3 [100 on 100] - arrival=59832269 - ending=59860195 - duration=27926 - miss? No

Total Misses for the task [3]: [0] on [100] cycles 

Miss rate: 0.000000


dump command to the module (see dmesg)
closing module
DONE! closing...

